{"C:\\Users\\fried\\Documents\\GitHub\\Ciphering-CLI-tool\\cipherHandler.js": {"path":"C:\\Users\\fried\\Documents\\GitHub\\Ciphering-CLI-tool\\cipherHandler.js","statementMap":{"0":{"start":{"line":1,"column":0},"end":{"line":63,"column":2}},"1":{"start":{"line":2,"column":14},"end":{"line":2,"column":27}},"2":{"start":{"line":3,"column":24},"end":{"line":3,"column":26}},"3":{"start":{"line":4,"column":20},"end":{"line":4,"column":51}},"4":{"start":{"line":5,"column":26},"end":{"line":5,"column":34}},"5":{"start":{"line":6,"column":26},"end":{"line":6,"column":35}},"6":{"start":{"line":8,"column":2},"end":{"line":34,"column":3}},"7":{"start":{"line":9,"column":4},"end":{"line":33,"column":16}},"8":{"start":{"line":11,"column":23},"end":{"line":11,"column":40}},"9":{"start":{"line":12,"column":8},"end":{"line":30,"column":9}},"10":{"start":{"line":16,"column":10},"end":{"line":16,"column":32}},"11":{"start":{"line":18,"column":10},"end":{"line":20,"column":11}},"12":{"start":{"line":19,"column":12},"end":{"line":19,"column":48}},"13":{"start":{"line":21,"column":15},"end":{"line":30,"column":9}},"14":{"start":{"line":25,"column":10},"end":{"line":25,"column":32}},"15":{"start":{"line":27,"column":10},"end":{"line":29,"column":11}},"16":{"start":{"line":28,"column":12},"end":{"line":28,"column":48}},"17":{"start":{"line":31,"column":8},"end":{"line":31,"column":45}},"18":{"start":{"line":36,"column":2},"end":{"line":62,"column":3}},"19":{"start":{"line":37,"column":4},"end":{"line":61,"column":16}},"20":{"start":{"line":39,"column":23},"end":{"line":39,"column":40}},"21":{"start":{"line":40,"column":8},"end":{"line":58,"column":9}},"22":{"start":{"line":44,"column":10},"end":{"line":44,"column":32}},"23":{"start":{"line":46,"column":10},"end":{"line":48,"column":11}},"24":{"start":{"line":47,"column":12},"end":{"line":47,"column":48}},"25":{"start":{"line":49,"column":15},"end":{"line":58,"column":9}},"26":{"start":{"line":53,"column":10},"end":{"line":53,"column":32}},"27":{"start":{"line":55,"column":10},"end":{"line":57,"column":11}},"28":{"start":{"line":56,"column":12},"end":{"line":56,"column":48}},"29":{"start":{"line":59,"column":8},"end":{"line":59,"column":45}},"30":{"start":{"line":65,"column":0},"end":{"line":106,"column":2}},"31":{"start":{"line":66,"column":14},"end":{"line":66,"column":27}},"32":{"start":{"line":67,"column":24},"end":{"line":67,"column":26}},"33":{"start":{"line":68,"column":26},"end":{"line":68,"column":34}},"34":{"start":{"line":69,"column":26},"end":{"line":69,"column":35}},"35":{"start":{"line":71,"column":2},"end":{"line":105,"column":14}},"36":{"start":{"line":73,"column":21},"end":{"line":73,"column":38}},"37":{"start":{"line":75,"column":6},"end":{"line":101,"column":7}},"38":{"start":{"line":79,"column":18},"end":{"line":81,"column":9}},"39":{"start":{"line":83,"column":8},"end":{"line":87,"column":9}},"40":{"start":{"line":84,"column":10},"end":{"line":84,"column":26}},"41":{"start":{"line":86,"column":10},"end":{"line":86,"column":26}},"42":{"start":{"line":88,"column":13},"end":{"line":101,"column":7}},"43":{"start":{"line":92,"column":18},"end":{"line":94,"column":9}},"44":{"start":{"line":96,"column":8},"end":{"line":100,"column":9}},"45":{"start":{"line":97,"column":10},"end":{"line":97,"column":26}},"46":{"start":{"line":99,"column":10},"end":{"line":99,"column":26}},"47":{"start":{"line":103,"column":6},"end":{"line":103,"column":43}}},"fnMap":{"0":{"name":"(anonymous_0)","decl":{"start":{"line":1,"column":26},"end":{"line":1,"column":27}},"loc":{"start":{"line":1,"column":46},"end":{"line":63,"column":1}},"line":1},"1":{"name":"(anonymous_1)","decl":{"start":{"line":10,"column":11},"end":{"line":10,"column":12}},"loc":{"start":{"line":10,"column":21},"end":{"line":32,"column":7}},"line":10},"2":{"name":"(anonymous_2)","decl":{"start":{"line":38,"column":11},"end":{"line":38,"column":12}},"loc":{"start":{"line":38,"column":21},"end":{"line":60,"column":7}},"line":38},"3":{"name":"(anonymous_3)","decl":{"start":{"line":65,"column":31},"end":{"line":65,"column":32}},"loc":{"start":{"line":65,"column":40},"end":{"line":106,"column":1}},"line":65},"4":{"name":"(anonymous_4)","decl":{"start":{"line":72,"column":9},"end":{"line":72,"column":10}},"loc":{"start":{"line":72,"column":19},"end":{"line":104,"column":5}},"line":72}},"branchMap":{"0":{"loc":{"start":{"line":1,"column":32},"end":{"line":1,"column":41}},"type":"default-arg","locations":[{"start":{"line":1,"column":40},"end":{"line":1,"column":41}}],"line":1},"1":{"loc":{"start":{"line":8,"column":2},"end":{"line":34,"column":3}},"type":"if","locations":[{"start":{"line":8,"column":2},"end":{"line":34,"column":3}},{"start":{},"end":{}}],"line":8},"2":{"loc":{"start":{"line":12,"column":8},"end":{"line":30,"column":9}},"type":"if","locations":[{"start":{"line":12,"column":8},"end":{"line":30,"column":9}},{"start":{"line":21,"column":15},"end":{"line":30,"column":9}}],"line":12},"3":{"loc":{"start":{"line":13,"column":10},"end":{"line":14,"column":43}},"type":"binary-expr","locations":[{"start":{"line":13,"column":10},"end":{"line":13,"column":43}},{"start":{"line":14,"column":10},"end":{"line":14,"column":43}}],"line":13},"4":{"loc":{"start":{"line":18,"column":10},"end":{"line":20,"column":11}},"type":"if","locations":[{"start":{"line":18,"column":10},"end":{"line":20,"column":11}},{"start":{},"end":{}}],"line":18},"5":{"loc":{"start":{"line":21,"column":15},"end":{"line":30,"column":9}},"type":"if","locations":[{"start":{"line":21,"column":15},"end":{"line":30,"column":9}},{"start":{},"end":{}}],"line":21},"6":{"loc":{"start":{"line":22,"column":10},"end":{"line":23,"column":43}},"type":"binary-expr","locations":[{"start":{"line":22,"column":10},"end":{"line":22,"column":43}},{"start":{"line":23,"column":10},"end":{"line":23,"column":43}}],"line":22},"7":{"loc":{"start":{"line":27,"column":10},"end":{"line":29,"column":11}},"type":"if","locations":[{"start":{"line":27,"column":10},"end":{"line":29,"column":11}},{"start":{},"end":{}}],"line":27},"8":{"loc":{"start":{"line":36,"column":2},"end":{"line":62,"column":3}},"type":"if","locations":[{"start":{"line":36,"column":2},"end":{"line":62,"column":3}},{"start":{},"end":{}}],"line":36},"9":{"loc":{"start":{"line":40,"column":8},"end":{"line":58,"column":9}},"type":"if","locations":[{"start":{"line":40,"column":8},"end":{"line":58,"column":9}},{"start":{"line":49,"column":15},"end":{"line":58,"column":9}}],"line":40},"10":{"loc":{"start":{"line":41,"column":10},"end":{"line":42,"column":43}},"type":"binary-expr","locations":[{"start":{"line":41,"column":10},"end":{"line":41,"column":43}},{"start":{"line":42,"column":10},"end":{"line":42,"column":43}}],"line":41},"11":{"loc":{"start":{"line":46,"column":10},"end":{"line":48,"column":11}},"type":"if","locations":[{"start":{"line":46,"column":10},"end":{"line":48,"column":11}},{"start":{},"end":{}}],"line":46},"12":{"loc":{"start":{"line":49,"column":15},"end":{"line":58,"column":9}},"type":"if","locations":[{"start":{"line":49,"column":15},"end":{"line":58,"column":9}},{"start":{},"end":{}}],"line":49},"13":{"loc":{"start":{"line":50,"column":10},"end":{"line":51,"column":43}},"type":"binary-expr","locations":[{"start":{"line":50,"column":10},"end":{"line":50,"column":43}},{"start":{"line":51,"column":10},"end":{"line":51,"column":43}}],"line":50},"14":{"loc":{"start":{"line":55,"column":10},"end":{"line":57,"column":11}},"type":"if","locations":[{"start":{"line":55,"column":10},"end":{"line":57,"column":11}},{"start":{},"end":{}}],"line":55},"15":{"loc":{"start":{"line":75,"column":6},"end":{"line":101,"column":7}},"type":"if","locations":[{"start":{"line":75,"column":6},"end":{"line":101,"column":7}},{"start":{"line":88,"column":13},"end":{"line":101,"column":7}}],"line":75},"16":{"loc":{"start":{"line":76,"column":8},"end":{"line":77,"column":41}},"type":"binary-expr","locations":[{"start":{"line":76,"column":8},"end":{"line":76,"column":41}},{"start":{"line":77,"column":8},"end":{"line":77,"column":41}}],"line":76},"17":{"loc":{"start":{"line":83,"column":8},"end":{"line":87,"column":9}},"type":"if","locations":[{"start":{"line":83,"column":8},"end":{"line":87,"column":9}},{"start":{"line":85,"column":15},"end":{"line":87,"column":9}}],"line":83},"18":{"loc":{"start":{"line":88,"column":13},"end":{"line":101,"column":7}},"type":"if","locations":[{"start":{"line":88,"column":13},"end":{"line":101,"column":7}},{"start":{},"end":{}}],"line":88},"19":{"loc":{"start":{"line":89,"column":8},"end":{"line":90,"column":41}},"type":"binary-expr","locations":[{"start":{"line":89,"column":8},"end":{"line":89,"column":41}},{"start":{"line":90,"column":8},"end":{"line":90,"column":41}}],"line":89},"20":{"loc":{"start":{"line":96,"column":8},"end":{"line":100,"column":9}},"type":"if","locations":[{"start":{"line":96,"column":8},"end":{"line":100,"column":9}},{"start":{"line":98,"column":15},"end":{"line":100,"column":9}}],"line":96}},"s":{"0":1,"1":8,"2":8,"3":8,"4":8,"5":8,"6":8,"7":4,"8":164,"9":164,"10":8,"11":8,"12":2,"13":156,"14":112,"15":112,"16":18,"17":164,"18":4,"19":4,"20":164,"21":164,"22":8,"23":8,"24":1,"25":156,"26":112,"27":112,"28":32,"29":164,"30":1,"31":4,"32":4,"33":4,"34":4,"35":4,"36":174,"37":174,"38":3,"39":3,"40":2,"41":1,"42":171,"43":116,"44":116,"45":63,"46":53,"47":174},"f":{"0":8,"1":164,"2":164,"3":4,"4":174},"b":{"0":[0],"1":[4,4],"2":[8,156],"3":[164,124],"4":[2,6],"5":[112,44],"6":[156,112],"7":[18,94],"8":[4,0],"9":[8,156],"10":[164,124],"11":[1,7],"12":[112,44],"13":[156,112],"14":[32,80],"15":[3,171],"16":[174,136],"17":[2,1],"18":[116,55],"19":[171,132],"20":[63,53]},"_coverageSchema":"1a1c01bbd47fc00a2c39e90264f33305004495a9","hash":"8379c793a62c1b18114bc74a9e319354018e50eb"}
}
