TN:
SF:cipherHandler.js
FN:1,(anonymous_0)
FN:10,(anonymous_1)
FN:38,(anonymous_2)
FN:65,(anonymous_3)
FN:72,(anonymous_4)
FNF:5
FNH:5
FNDA:8,(anonymous_0)
FNDA:164,(anonymous_1)
FNDA:164,(anonymous_2)
FNDA:4,(anonymous_3)
FNDA:174,(anonymous_4)
DA:1,1
DA:2,8
DA:3,8
DA:4,8
DA:5,8
DA:6,8
DA:8,8
DA:9,4
DA:11,164
DA:12,164
DA:16,8
DA:18,8
DA:19,2
DA:21,156
DA:25,112
DA:27,112
DA:28,18
DA:31,164
DA:36,4
DA:37,4
DA:39,164
DA:40,164
DA:44,8
DA:46,8
DA:47,1
DA:49,156
DA:53,112
DA:55,112
DA:56,32
DA:59,164
DA:65,1
DA:66,4
DA:67,4
DA:68,4
DA:69,4
DA:71,4
DA:73,174
DA:75,174
DA:79,3
DA:83,3
DA:84,2
DA:86,1
DA:88,171
DA:92,116
DA:96,116
DA:97,63
DA:99,53
DA:103,174
LF:48
LH:48
BRDA:1,0,0,0
BRDA:8,1,0,4
BRDA:8,1,1,4
BRDA:12,2,0,8
BRDA:12,2,1,156
BRDA:13,3,0,164
BRDA:13,3,1,124
BRDA:18,4,0,2
BRDA:18,4,1,6
BRDA:21,5,0,112
BRDA:21,5,1,44
BRDA:22,6,0,156
BRDA:22,6,1,112
BRDA:27,7,0,18
BRDA:27,7,1,94
BRDA:36,8,0,4
BRDA:36,8,1,0
BRDA:40,9,0,8
BRDA:40,9,1,156
BRDA:41,10,0,164
BRDA:41,10,1,124
BRDA:46,11,0,1
BRDA:46,11,1,7
BRDA:49,12,0,112
BRDA:49,12,1,44
BRDA:50,13,0,156
BRDA:50,13,1,112
BRDA:55,14,0,32
BRDA:55,14,1,80
BRDA:75,15,0,3
BRDA:75,15,1,171
BRDA:76,16,0,174
BRDA:76,16,1,136
BRDA:83,17,0,2
BRDA:83,17,1,1
BRDA:88,18,0,116
BRDA:88,18,1,55
BRDA:89,19,0,171
BRDA:89,19,1,132
BRDA:96,20,0,63
BRDA:96,20,1,53
BRF:41
BRH:39
end_of_record
TN:
SF:index.js
FN:49,doPipeline
FN:54,(anonymous_1)
FNF:2
FNH:0
FNDA:0,doPipeline
FNDA:0,(anonymous_1)
DA:1,0
DA:2,0
DA:3,0
DA:4,0
DA:6,0
DA:7,0
DA:8,0
DA:9,0
DA:10,0
DA:11,0
DA:13,0
DA:16,0
DA:18,0
DA:19,0
DA:21,0
DA:22,0
DA:28,0
DA:29,0
DA:30,0
DA:31,0
DA:32,0
DA:33,0
DA:34,0
DA:35,0
DA:36,0
DA:37,0
DA:38,0
DA:39,0
DA:40,0
DA:41,0
DA:43,0
DA:44,0
DA:45,0
DA:46,0
DA:50,0
DA:55,0
DA:64,0
DA:65,0
DA:66,0
LF:39
LH:0
BRDA:18,0,0,0
BRDA:18,0,1,0
BRDA:21,1,0,0
BRDA:21,1,1,0
BRDA:28,2,0,0
BRDA:28,2,1,0
BRDA:28,3,0,0
BRDA:28,3,1,0
BRDA:33,4,0,0
BRDA:33,4,1,0
BRDA:33,5,0,0
BRDA:33,5,1,0
BRDA:37,6,0,0
BRDA:37,6,1,0
BRDA:37,7,0,0
BRDA:37,7,1,0
BRDA:55,8,0,0
BRDA:55,8,1,0
BRF:18
BRH:0
end_of_record
TN:
SF:inputCheck\configHandler.js
FN:11,(anonymous_0)
FN:15,(anonymous_1)
FNF:2
FNH:0
FNDA:0,(anonymous_0)
FNDA:0,(anonymous_1)
DA:1,0
DA:2,0
DA:3,0
DA:5,0
DA:6,0
DA:7,0
DA:8,0
DA:9,0
DA:11,0
DA:12,0
DA:13,0
DA:15,0
DA:16,0
DA:18,0
DA:19,0
DA:21,0
DA:22,0
DA:24,0
DA:25,0
DA:27,0
DA:28,0
DA:30,0
DA:31,0
DA:33,0
DA:34,0
DA:35,0
DA:39,0
LF:27
LH:0
BRDA:16,0,0,0
BRDA:16,0,1,0
BRDA:16,0,2,0
BRDA:16,0,3,0
BRDA:16,0,4,0
BRDA:16,0,5,0
BRF:6
BRH:0
end_of_record
TN:
SF:inputCheck\duplicationCheck.js
FN:6,checkDuplicate
FNF:1
FNH:1
FNDA:2,checkDuplicate
DA:1,2
DA:2,2
DA:3,2
DA:4,2
DA:6,2
DA:7,2
DA:9,1
LF:7
LH:7
BRDA:7,0,0,1
BRDA:7,0,1,1
BRF:2
BRH:2
end_of_record
TN:
SF:inputCheck\getDataObj.js
FN:4,(anonymous_0)
FN:15,(anonymous_1)
FNF:2
FNH:2
FNDA:2,(anonymous_0)
FNDA:3,(anonymous_1)
DA:1,2
DA:2,2
DA:4,2
DA:5,2
DA:11,2
DA:12,1
DA:15,1
DA:16,3
DA:17,2
DA:18,1
DA:19,1
DA:20,0
DA:21,0
DA:22,1
DA:23,0
DA:24,0
DA:28,0
LF:17
LH:12
BRDA:11,0,0,1
BRDA:11,0,1,1
BRDA:11,1,0,2
BRDA:11,1,1,1
BRDA:16,2,0,2
BRDA:16,2,1,1
BRDA:16,3,0,3
BRDA:16,3,1,2
BRDA:19,4,0,0
BRDA:19,4,1,1
BRDA:19,5,0,1
BRDA:19,5,1,1
BRDA:22,6,0,0
BRDA:22,6,1,1
BRDA:22,7,0,1
BRDA:22,7,1,1
BRF:16
BRH:14
end_of_record
TN:
SF:inputCheck\pathCheck.js
FN:6,checkPath
FNF:1
FNH:1
FNDA:1,checkPath
DA:1,1
DA:2,1
DA:3,1
DA:4,1
DA:6,1
DA:7,1
DA:9,1
LF:7
LH:7
BRDA:7,0,0,1
BRDA:7,0,1,0
BRF:2
BRH:1
end_of_record
TN:
SF:transformStreams\atbashTransform.js
FN:4,(anonymous_0)
FN:8,(anonymous_1)
FNF:2
FNH:0
FNDA:0,(anonymous_0)
FNDA:0,(anonymous_1)
DA:1,0
DA:3,0
DA:5,0
DA:6,0
DA:9,0
DA:10,0
LF:6
LH:0
BRF:0
BRH:0
end_of_record
TN:
SF:transformStreams\caesarTransform.js
FN:4,(anonymous_0)
FN:9,(anonymous_1)
FNF:2
FNH:0
FNDA:0,(anonymous_0)
FNDA:0,(anonymous_1)
DA:1,0
DA:3,0
DA:5,0
DA:6,0
DA:7,0
DA:10,0
DA:11,0
LF:7
LH:0
BRF:0
BRH:0
end_of_record
TN:
SF:transformStreams\rotTransform.js
FN:4,(anonymous_0)
FN:9,(anonymous_1)
FNF:2
FNH:0
FNDA:0,(anonymous_0)
FNDA:0,(anonymous_1)
DA:1,0
DA:3,0
DA:5,0
DA:6,0
DA:7,0
DA:10,0
DA:11,0
LF:7
LH:0
BRF:0
BRH:0
end_of_record
TN:
SF:userStreams\myReadable.js
FN:5,(anonymous_0)
FN:10,(anonymous_1)
FN:11,(anonymous_2)
FN:20,(anonymous_3)
FN:22,(anonymous_4)
FN:30,(anonymous_5)
FN:32,(anonymous_6)
FNF:7
FNH:0
FNDA:0,(anonymous_0)
FNDA:0,(anonymous_1)
FNDA:0,(anonymous_2)
FNDA:0,(anonymous_3)
FNDA:0,(anonymous_4)
FNDA:0,(anonymous_5)
FNDA:0,(anonymous_6)
DA:1,0
DA:2,0
DA:3,0
DA:6,0
DA:7,0
DA:8,0
DA:11,0
DA:12,0
DA:13,0
DA:15,0
DA:16,0
DA:21,0
DA:22,0
DA:23,0
DA:24,0
DA:26,0
DA:31,0
DA:32,0
DA:34,0
DA:39,0
LF:20
LH:0
BRDA:12,0,0,0
BRDA:12,0,1,0
BRDA:23,1,0,0
BRDA:23,1,1,0
BRDA:26,2,0,0
BRDA:26,2,1,0
BRDA:31,3,0,0
BRDA:31,3,1,0
BRDA:32,4,0,0
BRDA:32,4,1,0
BRF:10
BRH:0
end_of_record
TN:
SF:userStreams\myWritable.js
FN:7,(anonymous_0)
FN:15,(anonymous_1)
FN:20,(anonymous_2)
FN:21,(anonymous_3)
FN:31,(anonymous_4)
FN:35,(anonymous_5)
FN:37,(anonymous_6)
FNF:7
FNH:0
FNDA:0,(anonymous_0)
FNDA:0,(anonymous_1)
FNDA:0,(anonymous_2)
FNDA:0,(anonymous_3)
FNDA:0,(anonymous_4)
FNDA:0,(anonymous_5)
FNDA:0,(anonymous_6)
DA:1,0
DA:2,0
DA:3,0
DA:4,0
DA:8,0
DA:9,0
DA:10,0
DA:16,0
DA:17,0
DA:21,0
DA:22,0
DA:23,0
DA:25,0
DA:26,0
DA:32,0
DA:36,0
DA:37,0
DA:39,0
DA:44,0
LF:19
LH:0
BRDA:22,0,0,0
BRDA:22,0,1,0
BRDA:36,1,0,0
BRDA:36,1,1,0
BRDA:37,2,0,0
BRDA:37,2,1,0
BRF:6
BRH:0
end_of_record
