TN:
SF:cipherHandler.js
FN:1,(anonymous_0)
FN:10,(anonymous_1)
FN:38,(anonymous_2)
FN:65,(anonymous_3)
FN:72,(anonymous_4)
FNF:5
FNH:5
FNDA:8,(anonymous_0)
FNDA:164,(anonymous_1)
FNDA:164,(anonymous_2)
FNDA:4,(anonymous_3)
FNDA:174,(anonymous_4)
DA:1,1
DA:2,8
DA:3,8
DA:4,8
DA:5,8
DA:6,8
DA:8,8
DA:9,4
DA:11,164
DA:12,164
DA:16,8
DA:18,8
DA:19,2
DA:21,156
DA:25,112
DA:27,112
DA:28,18
DA:31,164
DA:36,4
DA:37,4
DA:39,164
DA:40,164
DA:44,8
DA:46,8
DA:47,1
DA:49,156
DA:53,112
DA:55,112
DA:56,32
DA:59,164
DA:65,1
DA:66,4
DA:67,4
DA:68,4
DA:69,4
DA:71,4
DA:73,174
DA:75,174
DA:79,3
DA:83,3
DA:84,2
DA:86,1
DA:88,171
DA:92,116
DA:96,116
DA:97,63
DA:99,53
DA:103,174
LF:48
LH:48
BRDA:1,0,0,0
BRDA:8,1,0,4
BRDA:8,1,1,4
BRDA:12,2,0,8
BRDA:12,2,1,156
BRDA:13,3,0,164
BRDA:13,3,1,124
BRDA:18,4,0,2
BRDA:18,4,1,6
BRDA:21,5,0,112
BRDA:21,5,1,44
BRDA:22,6,0,156
BRDA:22,6,1,112
BRDA:27,7,0,18
BRDA:27,7,1,94
BRDA:36,8,0,4
BRDA:36,8,1,0
BRDA:40,9,0,8
BRDA:40,9,1,156
BRDA:41,10,0,164
BRDA:41,10,1,124
BRDA:46,11,0,1
BRDA:46,11,1,7
BRDA:49,12,0,112
BRDA:49,12,1,44
BRDA:50,13,0,156
BRDA:50,13,1,112
BRDA:55,14,0,32
BRDA:55,14,1,80
BRDA:75,15,0,3
BRDA:75,15,1,171
BRDA:76,16,0,174
BRDA:76,16,1,136
BRDA:83,17,0,2
BRDA:83,17,1,1
BRDA:88,18,0,116
BRDA:88,18,1,55
BRDA:89,19,0,171
BRDA:89,19,1,132
BRDA:96,20,0,63
BRDA:96,20,1,53
BRF:41
BRH:39
end_of_record
